This is pdfTeX, Version 3.14159265-2.6-1.40.20 (TeX Live 2019/Debian) (preloaded format=pdflatex 2021.2.20)  22 FEB 2021 07:25
entering extended mode
 restricted \write18 enabled.
 file:line:error style messages enabled.
 %&-line parsing enabled.
**"/home/jspw/Documents/Projects/Paper/Project Report/index.tex"
(/home/jspw/Documents/Projects/Paper/Project Report/index.tex
LaTeX2e <2020-02-02> patch level 2
L3 programming layer <2020-02-14> (/usr/share/texlive/texmf-dist/tex/latex/base/article.cls
Document Class: article 2019/12/20 v1.4l Standard LaTeX document class
(/usr/share/texlive/texmf-dist/tex/latex/base/size10.clo
File: size10.clo 2019/12/20 v1.4l Standard LaTeX file (size option)
)
\c@part=\count167
\c@section=\count168
\c@subsection=\count169
\c@subsubsection=\count170
\c@paragraph=\count171
\c@subparagraph=\count172
\c@figure=\count173
\c@table=\count174
\abovecaptionskip=\skip47
\belowcaptionskip=\skip48
\bibindent=\dimen134
) (/usr/share/texlive/texmf-dist/tex/latex/base/inputenc.sty
Package: inputenc 2018/08/11 v1.3c Input encoding file
\inpenc@prehook=\toks14
\inpenc@posthook=\toks15
) (/usr/share/texlive/texmf-dist/tex/latex/graphics/graphicx.sty
Package: graphicx 2019/11/30 v1.2a Enhanced LaTeX Graphics (DPC,SPQR)
 (/usr/share/texlive/texmf-dist/tex/latex/graphics/keyval.sty
Package: keyval 2014/10/28 v1.15 key=value parser (DPC)
\KV@toks@=\toks16
) (/usr/share/texlive/texmf-dist/tex/latex/graphics/graphics.sty
Package: graphics 2019/11/30 v1.4a Standard LaTeX Graphics (DPC,SPQR)
 (/usr/share/texlive/texmf-dist/tex/latex/graphics/trig.sty
Package: trig 2016/01/03 v1.10 sin cos tan (DPC)
) (/usr/share/texlive/texmf-dist/tex/latex/graphics-cfg/graphics.cfg
File: graphics.cfg 2016/06/04 v1.11 sample graphics configuration
)
Package graphics Info: Driver file: pdftex.def on input line 105.
 (/usr/share/texlive/texmf-dist/tex/latex/graphics-def/pdftex.def
File: pdftex.def 2018/01/08 v1.0l Graphics/color driver for pdftex
))
\Gin@req@height=\dimen135
\Gin@req@width=\dimen136
) (/usr/share/texlive/texmf-dist/tex/latex/hyperref/hyperref.sty
Package: hyperref 2020/01/14 v7.00d Hypertext links for LaTeX
 (/usr/share/texlive/texmf-dist/tex/generic/ltxcmds/ltxcmds.sty
Package: ltxcmds 2019/12/15 v1.24 LaTeX kernel commands for general use (HO)
) (/usr/share/texlive/texmf-dist/tex/generic/iftex/iftex.sty
Package: iftex 2019/11/07 v1.0c TeX engine tests
) (/usr/share/texlive/texmf-dist/tex/latex/pdftexcmds/pdftexcmds.sty
Package: pdftexcmds 2019/11/24 v0.31 Utility functions of pdfTeX for LuaTeX (HO)
 (/usr/share/texlive/texmf-dist/tex/generic/infwarerr/infwarerr.sty
Package: infwarerr 2019/12/03 v1.5 Providing info/warning/error messages (HO)
)
Package pdftexcmds Info: \pdf@primitive is available.
Package pdftexcmds Info: \pdf@ifprimitive is available.
Package pdftexcmds Info: \pdfdraftmode found.
) (/usr/share/texlive/texmf-dist/tex/generic/kvsetkeys/kvsetkeys.sty
Package: kvsetkeys 2019/12/15 v1.18 Key value parser (HO)
) (/usr/share/texlive/texmf-dist/tex/generic/kvdefinekeys/kvdefinekeys.sty
Package: kvdefinekeys 2019-12-19 v1.6 Define keys (HO)
) (/usr/share/texlive/texmf-dist/tex/generic/pdfescape/pdfescape.sty
Package: pdfescape 2019/12/09 v1.15 Implements pdfTeX's escape features (HO)
) (/usr/share/texlive/texmf-dist/tex/latex/hycolor/hycolor.sty
Package: hycolor 2020-01-27 v1.10 Color options for hyperref/bookmark (HO)
) (/usr/share/texlive/texmf-dist/tex/latex/letltxmacro/letltxmacro.sty
Package: letltxmacro 2019/12/03 v1.6 Let assignment for LaTeX macros (HO)
) (/usr/share/texlive/texmf-dist/tex/latex/auxhook/auxhook.sty
Package: auxhook 2019-12-17 v1.6 Hooks for auxiliary files (HO)
) (/usr/share/texlive/texmf-dist/tex/latex/kvoptions/kvoptions.sty
Package: kvoptions 2019/11/29 v3.13 Key value format for package options (HO)
)
\@linkdim=\dimen137
\Hy@linkcounter=\count175
\Hy@pagecounter=\count176
 (/usr/share/texlive/texmf-dist/tex/latex/hyperref/pd1enc.def
File: pd1enc.def 2020/01/14 v7.00d Hyperref: PDFDocEncoding definition (HO)
Now handling font encoding PD1 ...
... no UTF-8 mapping file for font encoding PD1
) (/usr/share/texlive/texmf-dist/tex/generic/intcalc/intcalc.sty
Package: intcalc 2019/12/15 v1.3 Expandable calculations with integers (HO)
) (/usr/share/texlive/texmf-dist/tex/generic/etexcmds/etexcmds.sty
Package: etexcmds 2019/12/15 v1.7 Avoid name clashes with e-TeX commands (HO)
)
\Hy@SavedSpaceFactor=\count177
\pdfmajorversion=\count178
Package hyperref Info: Hyper figures OFF on input line 4547.
Package hyperref Info: Link nesting OFF on input line 4552.
Package hyperref Info: Hyper index ON on input line 4555.
Package hyperref Info: Plain pages OFF on input line 4562.
Package hyperref Info: Backreferencing OFF on input line 4567.
Package hyperref Info: Implicit mode ON; LaTeX internals redefined.
Package hyperref Info: Bookmarks ON on input line 4800.
\c@Hy@tempcnt=\count179
 (/usr/share/texlive/texmf-dist/tex/latex/url/url.sty
\Urlmuskip=\muskip16
Package: url 2013/09/16  ver 3.4  Verb mode for urls, etc.
)
LaTeX Info: Redefining \url on input line 5159.
\XeTeXLinkMargin=\dimen138
 (/usr/share/texlive/texmf-dist/tex/generic/bitset/bitset.sty
Package: bitset 2019/12/09 v1.3 Handle bit-vector datatype (HO)
 (/usr/share/texlive/texmf-dist/tex/generic/bigintcalc/bigintcalc.sty
Package: bigintcalc 2019/12/15 v1.5 Expandable calculations on big integers (HO)
))
\Fld@menulength=\count180
\Field@Width=\dimen139
\Fld@charsize=\dimen140
Package hyperref Info: Hyper figures OFF on input line 6430.
Package hyperref Info: Link nesting OFF on input line 6435.
Package hyperref Info: Hyper index ON on input line 6438.
Package hyperref Info: backreferencing OFF on input line 6445.
Package hyperref Info: Link coloring OFF on input line 6450.
Package hyperref Info: Link coloring with OCG OFF on input line 6455.
Package hyperref Info: PDF/A mode OFF on input line 6460.
LaTeX Info: Redefining \ref on input line 6500.
LaTeX Info: Redefining \pageref on input line 6504.
 (/usr/share/texlive/texmf-dist/tex/generic/atbegshi/atbegshi.sty
Package: atbegshi 2019/12/05 v1.19 At begin shipout hook (HO)
)
\Hy@abspage=\count181
\c@Item=\count182
\c@Hfootnote=\count183
)
Package hyperref Info: Driver (autodetected): hpdftex.
 (/usr/share/texlive/texmf-dist/tex/latex/hyperref/hpdftex.def
File: hpdftex.def 2020/01/14 v7.00d Hyperref driver for pdfTeX
 (/usr/share/texlive/texmf-dist/tex/latex/atveryend/atveryend.sty
Package: atveryend 2019-12-11 v1.11 Hooks at the very end of document (HO)
Package atveryend Info: \enddocument detected (standard20110627).
)
\Fld@listcount=\count184
\c@bookmark@seq@number=\count185
 (/usr/share/texlive/texmf-dist/tex/latex/rerunfilecheck/rerunfilecheck.sty
Package: rerunfilecheck 2019/12/05 v1.9 Rerun checks for auxiliary files (HO)
 (/usr/share/texlive/texmf-dist/tex/generic/uniquecounter/uniquecounter.sty
Package: uniquecounter 2019/12/15 v1.4 Provide unlimited unique counter (HO)
)
Package uniquecounter Info: New unique counter `rerunfilecheck' on input line 286.
)
\Hy@SectionHShift=\skip49
) (/usr/share/texlive/texmf-dist/tex/latex/pdfpages/pdfpages.sty
Package: pdfpages 2020/01/28 v0.5q Insert pages of external PDF documents (AM)
 (/usr/share/texlive/texmf-dist/tex/latex/base/ifthen.sty
Package: ifthen 2014/09/29 v1.1c Standard LaTeX ifthen package (DPC)
) (/usr/share/texlive/texmf-dist/tex/latex/tools/calc.sty
Package: calc 2017/05/25 v4.3 Infix arithmetic (KKT,FJ)
\calc@Acount=\count186
\calc@Bcount=\count187
\calc@Adimen=\dimen141
\calc@Bdimen=\dimen142
\calc@Askip=\skip50
\calc@Bskip=\skip51
LaTeX Info: Redefining \setlength on input line 80.
LaTeX Info: Redefining \addtolength on input line 81.
\calc@Ccount=\count188
\calc@Cskip=\skip52
) (/usr/share/texlive/texmf-dist/tex/latex/eso-pic/eso-pic.sty
Package: eso-pic 2018/04/12 v2.0h eso-pic (RN)
 (/usr/share/texlive/texmf-dist/tex/latex/xcolor/xcolor.sty
Package: xcolor 2016/05/11 v2.12 LaTeX color extensions (UK)
 (/usr/share/texlive/texmf-dist/tex/latex/graphics-cfg/color.cfg
File: color.cfg 2016/01/02 v1.6 sample color configuration
)
Package xcolor Info: Driver file: pdftex.def on input line 225.
Package xcolor Info: Model `cmy' substituted by `cmy0' on input line 1348.
Package xcolor Info: Model `hsb' substituted by `rgb' on input line 1352.
Package xcolor Info: Model `RGB' extended on input line 1364.
Package xcolor Info: Model `HTML' substituted by `rgb' on input line 1366.
Package xcolor Info: Model `Hsb' substituted by `hsb' on input line 1367.
Package xcolor Info: Model `tHsb' substituted by `hsb' on input line 1368.
Package xcolor Info: Model `HSB' substituted by `hsb' on input line 1369.
Package xcolor Info: Model `Gray' substituted by `gray' on input line 1370.
Package xcolor Info: Model `wave' substituted by `hsb' on input line 1371.
))
\AM@pagewidth=\dimen143
\AM@pageheight=\dimen144
 (/usr/share/texlive/texmf-dist/tex/latex/pdfpages/pppdftex.def
File: pppdftex.def 2020/01/28 v0.5q Pdfpages driver for pdfTeX (AM)
)
\AM@pagebox=\box45
\AM@global@opts=\toks17
\AM@pagecnt=\count189
\AM@toc@title=\toks18
\c@AM@survey=\count190
\AM@templatesizebox=\box46
) (/usr/share/texlive/texmf-dist/tex/latex/float/float.sty
Package: float 2001/11/08 v1.3d Float enhancements (AL)
\c@float@type=\count191
\float@exts=\toks19
\float@box=\box47
\@float@everytoks=\toks20
\@floatcapt=\box48
) (/usr/share/texlive/texmf-dist/tex/latex/placeins/placeins.sty
Package: placeins 2005/04/18  v 2.2
) (/usr/share/texlive/texmf-dist/tex/latex/setspace/setspace.sty
Package: setspace 2011/12/19 v6.7a set line spacing
) (/usr/share/texlive/texmf-dist/tex/latex/geometry/geometry.sty
Package: geometry 2020/01/02 v5.9 Page Geometry
 (/usr/share/texlive/texmf-dist/tex/generic/iftex/ifvtex.sty
Package: ifvtex 2019/10/25 v1.7 ifvtex legacy package. Use iftex instead.
)
\Gm@cnth=\count192
\Gm@cntv=\count193
\c@Gm@tempcnt=\count194
\Gm@bindingoffset=\dimen145
\Gm@wd@mp=\dimen146
\Gm@odd@mp=\dimen147
\Gm@even@mp=\dimen148
\Gm@layoutwidth=\dimen149
\Gm@layoutheight=\dimen150
\Gm@layouthoffset=\dimen151
\Gm@layoutvoffset=\dimen152
\Gm@dimlist=\toks21
) (/usr/share/texlive/texmf-dist/tex/latex/pxfonts/pxfonts.sty
Package: pxfonts 2008/01/22 v1.1.1
LaTeX Font Info:    Redeclaring symbol font `operators' on input line 21.
LaTeX Font Info:    Overwriting symbol font `operators' in version `normal'
(Font)                  OT1/cmr/m/n --> OT1/pxr/m/n on input line 21.
LaTeX Font Info:    Overwriting symbol font `operators' in version `bold'
(Font)                  OT1/cmr/bx/n --> OT1/pxr/m/n on input line 21.
LaTeX Font Info:    Overwriting symbol font `operators' in version `bold'
(Font)                  OT1/pxr/m/n --> OT1/pxr/bx/n on input line 22.
\symitalic=\mathgroup4
LaTeX Font Info:    Overwriting symbol font `italic' in version `bold'
(Font)                  OT1/pxr/m/it --> OT1/pxr/bx/it on input line 26.
LaTeX Font Info:    Redeclaring math alphabet \mathbf on input line 29.
LaTeX Font Info:    Overwriting math alphabet `\mathbf' in version `normal'
(Font)                  OT1/cmr/bx/n --> OT1/pxr/bx/n on input line 29.
LaTeX Font Info:    Overwriting math alphabet `\mathbf' in version `bold'
(Font)                  OT1/cmr/bx/n --> OT1/pxr/bx/n on input line 29.
LaTeX Font Info:    Redeclaring math alphabet \mathit on input line 30.
LaTeX Font Info:    Overwriting math alphabet `\mathit' in version `normal'
(Font)                  OT1/cmr/m/it --> OT1/pxr/m/it on input line 30.
LaTeX Font Info:    Overwriting math alphabet `\mathit' in version `bold'
(Font)                  OT1/cmr/bx/it --> OT1/pxr/m/it on input line 30.
LaTeX Font Info:    Overwriting math alphabet `\mathit' in version `bold'
(Font)                  OT1/pxr/m/it --> OT1/pxr/bx/it on input line 31.
LaTeX Font Info:    Redeclaring math alphabet \mathsf on input line 40.
LaTeX Font Info:    Overwriting math alphabet `\mathsf' in version `normal'
(Font)                  OT1/cmss/m/n --> OT1/pxss/m/n on input line 40.
LaTeX Font Info:    Overwriting math alphabet `\mathsf' in version `bold'
(Font)                  OT1/cmss/bx/n --> OT1/pxss/m/n on input line 40.
LaTeX Font Info:    Overwriting math alphabet `\mathsf' in version `bold'
(Font)                  OT1/pxss/m/n --> OT1/pxss/b/n on input line 41.
LaTeX Font Info:    Redeclaring math alphabet \mathtt on input line 50.
LaTeX Font Info:    Overwriting math alphabet `\mathtt' in version `normal'
(Font)                  OT1/cmtt/m/n --> OT1/pxtt/m/n on input line 50.
LaTeX Font Info:    Overwriting math alphabet `\mathtt' in version `bold'
(Font)                  OT1/cmtt/m/n --> OT1/pxtt/m/n on input line 50.
LaTeX Font Info:    Overwriting math alphabet `\mathtt' in version `bold'
(Font)                  OT1/pxtt/m/n --> OT1/pxtt/b/n on input line 51.
LaTeX Font Info:    Redeclaring symbol font `letters' on input line 58.
LaTeX Font Info:    Overwriting symbol font `letters' in version `normal'
(Font)                  OML/cmm/m/it --> OML/pxmi/m/it on input line 58.
LaTeX Font Info:    Overwriting symbol font `letters' in version `bold'
(Font)                  OML/cmm/b/it --> OML/pxmi/m/it on input line 58.
LaTeX Font Info:    Overwriting symbol font `letters' in version `bold'
(Font)                  OML/pxmi/m/it --> OML/pxmi/bx/it on input line 59.
\symlettersA=\mathgroup5
LaTeX Font Info:    Overwriting symbol font `lettersA' in version `bold'
(Font)                  U/pxmia/m/it --> U/pxmia/bx/it on input line 67.
LaTeX Font Info:    Redeclaring symbol font `symbols' on input line 77.
LaTeX Font Info:    Overwriting symbol font `symbols' in version `normal'
(Font)                  OMS/cmsy/m/n --> OMS/pxsy/m/n on input line 77.
LaTeX Font Info:    Overwriting symbol font `symbols' in version `bold'
(Font)                  OMS/cmsy/b/n --> OMS/pxsy/m/n on input line 77.
LaTeX Font Info:    Overwriting symbol font `symbols' in version `bold'
(Font)                  OMS/pxsy/m/n --> OMS/pxsy/bx/n on input line 78.
\symAMSa=\mathgroup6
LaTeX Font Info:    Overwriting symbol font `AMSa' in version `bold'
(Font)                  U/pxsya/m/n --> U/pxsya/bx/n on input line 94.
\symAMSb=\mathgroup7
LaTeX Font Info:    Overwriting symbol font `AMSb' in version `bold'
(Font)                  U/pxsyb/m/n --> U/pxsyb/bx/n on input line 103.
\symsymbolsC=\mathgroup8
LaTeX Font Info:    Overwriting symbol font `symbolsC' in version `bold'
(Font)                  U/pxsyc/m/n --> U/pxsyc/bx/n on input line 113.
LaTeX Font Info:    Redeclaring symbol font `largesymbols' on input line 120.
LaTeX Font Info:    Overwriting symbol font `largesymbols' in version `normal'
(Font)                  OMX/cmex/m/n --> OMX/pxex/m/n on input line 120.
LaTeX Font Info:    Overwriting symbol font `largesymbols' in version `bold'
(Font)                  OMX/cmex/m/n --> OMX/pxex/m/n on input line 120.
LaTeX Font Info:    Overwriting symbol font `largesymbols' in version `bold'
(Font)                  OMX/pxex/m/n --> OMX/pxex/bx/n on input line 121.
\symlargesymbolsA=\mathgroup9
LaTeX Font Info:    Overwriting symbol font `largesymbolsA' in version `bold'
(Font)                  U/pxexa/m/n --> U/pxexa/bx/n on input line 129.
LaTeX Font Info:    Redeclaring math symbol \mathsterling on input line 164.
LaTeX Font Info:    Redeclaring math symbol \hbar on input line 591.
LaTeX Info: Redefining \not on input line 997.
)
Package hyperref Info: Option `colorlinks' set `true' on input line 23.
 (/usr/share/texlive/texmf-dist/tex/latex/l3backend/l3backend-pdfmode.def
File: l3backend-pdfmode.def 2020-02-03 L3 backend support: PDF mode
\l__kernel_color_stack_int=\count195
\l__pdf_internal_box=\box49
) (/home/jspw/Documents/Projects/Paper/Project Report/index.aux

LaTeX Warning: Label `fig' multiply defined.


LaTeX Warning: Label `fig' multiply defined.


LaTeX Warning: Label `fig' multiply defined.


LaTeX Warning: Label `fig' multiply defined.


LaTeX Warning: Label `fig' multiply defined.


LaTeX Warning: Label `fig' multiply defined.


LaTeX Warning: Label `fig' multiply defined.


LaTeX Warning: Label `fig' multiply defined.


LaTeX Warning: Label `fig' multiply defined.


LaTeX Warning: Label `fig' multiply defined.


LaTeX Warning: Label `fig' multiply defined.


LaTeX Warning: Label `fig' multiply defined.


LaTeX Warning: Label `fig' multiply defined.


LaTeX Warning: Label `fig' multiply defined.


LaTeX Warning: Label `fig' multiply defined.


LaTeX Warning: Label `fig' multiply defined.


LaTeX Warning: Label `fig' multiply defined.


LaTeX Warning: Label `fig' multiply defined.


LaTeX Warning: Label `fig' multiply defined.


LaTeX Warning: Label `fig' multiply defined.


LaTeX Warning: Label `fig' multiply defined.


LaTeX Warning: Label `fig' multiply defined.


LaTeX Warning: Label `fig' multiply defined.


LaTeX Warning: Label `fig' multiply defined.


LaTeX Warning: Label `fig' multiply defined.


LaTeX Warning: Label `fig' multiply defined.


LaTeX Warning: Label `fig' multiply defined.


LaTeX Warning: Label `fig' multiply defined.


LaTeX Warning: Label `fig' multiply defined.


LaTeX Warning: Label `fig' multiply defined.


LaTeX Warning: Label `fig' multiply defined.

)
\openout1 = `index.aux'.

LaTeX Font Info:    Checking defaults for OML/pxmi/m/it on input line 39.
LaTeX Font Info:    Trying to load font information for OML+pxmi on input line 39.
 (/usr/share/texlive/texmf-dist/tex/latex/pxfonts/omlpxmi.fd
File: omlpxmi.fd 2000/12/14 v1.0
)
LaTeX Font Info:    ... okay on input line 39.
LaTeX Font Info:    Checking defaults for OMS/pxsy/m/n on input line 39.
LaTeX Font Info:    Trying to load font information for OMS+pxsy on input line 39.
 (/usr/share/texlive/texmf-dist/tex/latex/pxfonts/omspxsy.fd
File: omspxsy.fd 2000/12/14 v1.0
)
LaTeX Font Info:    ... okay on input line 39.
LaTeX Font Info:    Checking defaults for OT1/cmr/m/n on input line 39.
LaTeX Font Info:    ... okay on input line 39.
LaTeX Font Info:    Checking defaults for T1/cmr/m/n on input line 39.
LaTeX Font Info:    ... okay on input line 39.
LaTeX Font Info:    Checking defaults for TS1/cmr/m/n on input line 39.
LaTeX Font Info:    ... okay on input line 39.
LaTeX Font Info:    Checking defaults for OMX/pxex/m/n on input line 39.
LaTeX Font Info:    Trying to load font information for OMX+pxex on input line 39.
 (/usr/share/texlive/texmf-dist/tex/latex/pxfonts/omxpxex.fd
File: omxpxex.fd 2000/12/14 v1.0
)
LaTeX Font Info:    ... okay on input line 39.
LaTeX Font Info:    Checking defaults for U/pxexa/m/n on input line 39.
LaTeX Font Info:    Trying to load font information for U+pxexa on input line 39.
 (/usr/share/texlive/texmf-dist/tex/latex/pxfonts/upxexa.fd
File: upxexa.fd 2000/12/14 v1.0
)
LaTeX Font Info:    ... okay on input line 39.
LaTeX Font Info:    Checking defaults for PD1/pdf/m/n on input line 39.
LaTeX Font Info:    ... okay on input line 39.
LaTeX Font Info:    Trying to load font information for OT1+pxr on input line 39.
 (/usr/share/texlive/texmf-dist/tex/latex/pxfonts/ot1pxr.fd
File: ot1pxr.fd 2000/12/14 v1.0
) (/usr/share/texlive/texmf-dist/tex/context/base/mkii/supp-pdf.mkii
[Loading MPS to PDF converter (version 2006.09.02).]
\scratchcounter=\count196
\scratchdimen=\dimen153
\scratchbox=\box50
\nofMPsegments=\count197
\nofMParguments=\count198
\everyMPshowfont=\toks22
\MPscratchCnt=\count199
\MPscratchDim=\dimen154
\MPnumerator=\count266
\makeMPintoPDFobject=\count267
\everyMPtoPDFconversion=\toks23
) (/usr/share/texlive/texmf-dist/tex/latex/epstopdf-pkg/epstopdf-base.sty
Package: epstopdf-base 2020-01-24 v2.11 Base part for package epstopdf
Package epstopdf-base Info: Redefining graphics rule for `.eps' on input line 485.
 (/usr/share/texlive/texmf-dist/tex/latex/latexconfig/epstopdf-sys.cfg
File: epstopdf-sys.cfg 2010/07/13 v1.3 Configuration of (r)epstopdf for TeX Live
))
\AtBeginShipoutBox=\box51
Package hyperref Info: Link coloring ON on input line 39.
 (/usr/share/texlive/texmf-dist/tex/latex/hyperref/nameref.sty
Package: nameref 2019/09/16 v2.46 Cross-referencing by name of section
 (/usr/share/texlive/texmf-dist/tex/latex/refcount/refcount.sty
Package: refcount 2019/12/15 v3.6 Data extraction from label references (HO)
) (/usr/share/texlive/texmf-dist/tex/generic/gettitlestring/gettitlestring.sty
Package: gettitlestring 2019/12/15 v1.6 Cleanup title references (HO)
)
\c@section@level=\count268
)
LaTeX Info: Redefining \ref on input line 39.
LaTeX Info: Redefining \pageref on input line 39.
LaTeX Info: Redefining \nameref on input line 39.
 (/home/jspw/Documents/Projects/Paper/Project Report/index.out) (/home/jspw/Documents/Projects/Paper/Project Report/index.out)
\@outlinefile=\write3
\openout3 = `index.out'.

 (/usr/share/texlive/texmf-dist/tex/latex/pdflscape/pdflscape.sty
Package: pdflscape 2019/12/05 v0.12 Display of landscape pages in PDF (HO)
 (/usr/share/texlive/texmf-dist/tex/latex/graphics/lscape.sty
Package: lscape 2000/10/22 v3.01 Landscape Pages (DPC)
)
Package pdflscape Info: Auto-detected driver: pdftex on input line 81.
)
*geometry* driver: auto-detecting
*geometry* detected driver: pdftex
*geometry* verbose mode - [ preamble ] result:
* driver: pdftex
* paper: <default>
* layout: <same size as paper>
* layoutoffset:(h,v)=(0.0pt,0.0pt)
* modes: 
* h-part:(L,W,R)=(108.405pt, 397.485pt, 108.405pt)
* v-part:(T,H,B)=(72.26999pt, 650.43001pt, 72.26999pt)
* \paperwidth=614.295pt
* \paperheight=794.96999pt
* \textwidth=397.485pt
* \textheight=650.43001pt
* \oddsidemargin=36.13501pt
* \evensidemargin=36.13501pt
* \topmargin=-37.0pt
* \headheight=12.0pt
* \headsep=25.0pt
* \topskip=10.0pt
* \footskip=30.0pt
* \marginparwidth=65.0pt
* \marginparsep=11.0pt
* \columnsep=10.0pt
* \skip\footins=9.0pt plus 4.0pt minus 2.0pt
* \hoffset=0.0pt
* \voffset=0.0pt
* \mag=1000
* \@twocolumnfalse
* \@twosidefalse
* \@mparswitchfalse
* \@reversemarginfalse
* (1in=72.27pt=25.4mm, 1cm=28.453pt)

LaTeX Font Info:    Trying to load font information for U+pxmia on input line 42.
(/usr/share/texlive/texmf-dist/tex/latex/pxfonts/upxmia.fd
File: upxmia.fd 2000/12/14 v1.0
)
LaTeX Font Info:    Trying to load font information for U+pxsya on input line 42.
 (/usr/share/texlive/texmf-dist/tex/latex/pxfonts/upxsya.fd
File: upxsya.fd 2000/12/14 v1.0
)
LaTeX Font Info:    Trying to load font information for U+pxsyb on input line 42.
 (/usr/share/texlive/texmf-dist/tex/latex/pxfonts/upxsyb.fd
File: utxsyb.fd 2000/12/14 v1.0
)
LaTeX Font Info:    Trying to load font information for U+pxsyc on input line 42.
 (/usr/share/texlive/texmf-dist/tex/latex/pxfonts/upxsyc.fd
File: upxsyc.fd 2000/12/14 v1.0
) [1

{/var/lib/texmf/fonts/map/pdftex/updmap/pdftex.map}]
LaTeX Font Info:    Font shape `OT1/pxr/b/n' in size <14.4> not available
(Font)              Font shape `OT1/pxr/bx/n' tried instead on input line 45.
 (/home/jspw/Documents/Projects/Paper/Project Report/index.toc
LaTeX Font Info:    Font shape `OT1/pxr/b/n' in size <10> not available
(Font)              Font shape `OT1/pxr/bx/n' tried instead on input line 1.
 [2] [3])
\tf@toc=\write4
\openout4 = `index.toc'.

 [4] [5]
LaTeX Font Info:    Font shape `OT1/pxr/b/n' in size <12> not available
(Font)              Font shape `OT1/pxr/bx/n' tried instead on input line 80.
 [6]
LaTeX Font Info:    Trying to load font information for TS1+pxr on input line 113.
 (/usr/share/texlive/texmf-dist/tex/latex/pxfonts/ts1pxr.fd
File: ts1pxr.fd 2000/12/14 v1.0
) [7]
<../assets/ss/signup/signup.png, id=423, 527.9725pt x 639.38875pt>
File: ../assets/ss/signup/signup.png Graphic file (type png)
<use ../assets/ss/signup/signup.png>
Package pdftex.def Info: ../assets/ss/signup/signup.png  used on input line 148.
(pdftex.def)             Requested size: 238.49342pt x 288.81497pt.
 [8]
<../assets/ss/signup/signup-error-e.png, id=429, 600.2425pt x 638.385pt>
File: ../assets/ss/signup/signup-error-e.png Graphic file (type png)
<use ../assets/ss/signup/signup-error-e.png>
Package pdftex.def Info: ../assets/ss/signup/signup-error-e.png  used on input line 164.
(pdftex.def)             Requested size: 238.49342pt x 253.64479pt.
 [9pdfTeX warning (ext4): destination with the same identifier (name{figure.1}) has been already used, duplicate ignored

\AtBegShi@Output ...ipout \box \AtBeginShipoutBox 
                                                  \fi \fi 
l.168 
       <../assets/ss/signup/signup.png>]
<../assets/ss/signup/signup-error-u.png, id=436, 536.0025pt x 637.38126pt>
File: ../assets/ss/signup/signup-error-u.png Graphic file (type png)
<use ../assets/ss/signup/signup-error-u.png>
Package pdftex.def Info: ../assets/ss/signup/signup-error-u.png  used on input line 171.
(pdftex.def)             Requested size: 238.49342pt x 283.59973pt.
<../assets/ss/login/login.png, id=437, 415.5525pt x 446.66875pt>
File: ../assets/ss/login/login.png Graphic file (type png)
<use ../assets/ss/login/login.png>
Package pdftex.def Info: ../assets/ss/login/login.png  used on input line 184.
(pdftex.def)             Requested size: 238.49342pt x 256.34862pt.
 [10pdfTeX warning (ext4): destination with the same identifier (name{figure.2}) has been already used, duplicate ignored

\AtBegShi@Output ...ipout \box \AtBeginShipoutBox 
                                                  \fi \fi 
l.187 \end{figure}
                  pdfTeX warning (ext4): destination with the same identifier (name{figure.3}) has been already used, duplicate ignored

\AtBegShi@Output ...ipout \box \AtBeginShipoutBox 
                                                  \fi \fi 
l.187 \end{figure}
                   <../assets/ss/signup/signup-error-e.png> <../assets/ss/signup/signup-error-u.png>]
<../assets/ss/login/login-error1.png, id=446, 483.8075pt x 470.75874pt>
File: ../assets/ss/login/login-error1.png Graphic file (type png)
<use ../assets/ss/login/login-error1.png>
Package pdftex.def Info: ../assets/ss/login/login-error1.png  used on input line 194.
(pdftex.def)             Requested size: 238.49342pt x 232.06015pt.
 [11pdfTeX warning (ext4): destination with the same identifier (name{figure.4}) has been already used, duplicate ignored

\AtBegShi@Output ...ipout \box \AtBeginShipoutBox 
                                                  \fi \fi 
l.198 
       <../assets/ss/login/login.png>]
<../assets/ss/login/login-error2.png, id=453, 349.305pt x 414.54875pt>
File: ../assets/ss/login/login-error2.png Graphic file (type png)
<use ../assets/ss/login/login-error2.png>
Package pdftex.def Info: ../assets/ss/login/login-error2.png  used on input line 201.
(pdftex.def)             Requested size: 238.49342pt x 283.04065pt.
<../assets/ss/home.png, id=454, 1370.11874pt x 637.38126pt>
File: ../assets/ss/home.png Graphic file (type png)
<use ../assets/ss/home.png>
Package pdftex.def Info: ../assets/ss/home.png  used on input line 211.
(pdftex.def)             Requested size: 397.485pt x 184.9039pt.
 [12pdfTeX warning (ext4): destination with the same identifier (name{figure.5}) has been already used, duplicate ignored

\AtBegShi@Output ...ipout \box \AtBeginShipoutBox 
                                                  \fi \fi 
l.214 \end{figure}
                  pdfTeX warning (ext4): destination with the same identifier (name{figure.6}) has been already used, duplicate ignored

\AtBegShi@Output ...ipout \box \AtBeginShipoutBox 
                                                  \fi \fi 
l.214 \end{figure}
                   <../assets/ss/login/login-error1.png> <../assets/ss/login/login-error2.png>]
<../assets/ss/teacher/course-create.png, id=463, 483.8075pt x 328.22626pt>
File: ../assets/ss/teacher/course-create.png Graphic file (type png)
<use ../assets/ss/teacher/course-create.png>
Package pdftex.def Info: ../assets/ss/teacher/course-create.png  used on input line 226.
(pdftex.def)             Requested size: 397.485pt x 269.67314pt.
 [13pdfTeX warning (ext4): destination with the same identifier (name{figure.7}) has been already used, duplicate ignored

\AtBegShi@Output ...ipout \box \AtBeginShipoutBox 
                                                  \fi \fi 
l.230 
       <../assets/ss/home.png>]
<../assets/ss/studnt/upcoming-exam.png, id=472, 938.50626pt x 373.395pt>
File: ../assets/ss/studnt/upcoming-exam.png Graphic file (type png)
<use ../assets/ss/studnt/upcoming-exam.png>
Package pdftex.def Info: ../assets/ss/studnt/upcoming-exam.png  used on input line 246.
(pdftex.def)             Requested size: 397.485pt x 158.14096pt.
 [14pdfTeX warning (ext4): destination with the same identifier (name{figure.8}) has been already used, duplicate ignored

\AtBegShi@Output ...ipout \box \AtBeginShipoutBox 
                                                  \fi \fi 
l.250 
       <../assets/ss/teacher/course-create.png>]
<../assets/ss/studnt/previous-exam-non-participate.png, id=479, 761.84625pt x 653.44125pt>
File: ../assets/ss/studnt/previous-exam-non-participate.png Graphic file (type png)
<use ../assets/ss/studnt/previous-exam-non-participate.png>
Package pdftex.def Info: ../assets/ss/studnt/previous-exam-non-participate.png  used on input line 270.
(pdftex.def)             Requested size: 397.47594pt x 325.21425pt.
 [15pdfTeX warning (ext4): destination with the same identifier (name{figure.9}) has been already used, duplicate ignored

\AtBegShi@Output ...ipout \box \AtBeginShipoutBox 
                                                  \fi \fi 
l.274 
       <../assets/ss/studnt/upcoming-exam.png>]
<../assets/ss/studnt/previous cq.png, id=486, 1370.11874pt x 597.23125pt>
File: ../assets/ss/studnt/previous cq.png Graphic file (type png)
<use ../assets/ss/studnt/previous cq.png>
Package pdftex.def Info: ../assets/ss/studnt/previous cq.png  used on input line 279.
(pdftex.def)             Requested size: 397.485pt x 173.25641pt.
<../assets/ss/teacher/marksheet.png, id=487, 1370.11874pt x 639.38875pt>
File: ../assets/ss/teacher/marksheet.png Graphic file (type png)
<use ../assets/ss/teacher/marksheet.png>
Package pdftex.def Info: ../assets/ss/teacher/marksheet.png  used on input line 288.
(pdftex.def)             Requested size: 397.485pt x 185.48627pt.
 [16pdfTeX warning (ext4): destination with the same identifier (name{figure.10}) has been already used, duplicate ignored

\AtBegShi@Output ...ipout \box \AtBeginShipoutBox 
                                                  \fi \fi 
l.292 
      pdfTeX warning (ext4): destination with the same identifier (name{figure.11}) has been already used, duplicate ignored

\AtBegShi@Output ...ipout \box \AtBeginShipoutBox 
                                                  \fi \fi 
l.292 
       <../assets/ss/studnt/previous-exam-non-participate.png> <../assets/ss/studnt/previous cq.png>]
<../assets/ss/teacher/exam-create.png, id=496, 1368.11125pt x 625.33624pt>
File: ../assets/ss/teacher/exam-create.png Graphic file (type png)
<use ../assets/ss/teacher/exam-create.png>
Package pdftex.def Info: ../assets/ss/teacher/exam-create.png  used on input line 317.
(pdftex.def)             Requested size: 397.485pt x 181.67683pt.
 [17pdfTeX warning (ext4): destination with the same identifier (name{figure.12}) has been already used, duplicate ignored

\AtBegShi@Output ...ipout \box \AtBeginShipoutBox 
                                                  \fi \fi 
l.321 
       <../assets/ss/teacher/marksheet.png>]
<../assets/ss/teacher/cq-create.png, id=503, 1370.11874pt x 696.6025pt>
File: ../assets/ss/teacher/cq-create.png Graphic file (type png)
<use ../assets/ss/teacher/cq-create.png>
Package pdftex.def Info: ../assets/ss/teacher/cq-create.png  used on input line 325.
(pdftex.def)             Requested size: 397.485pt x 202.08395pt.
<../assets/ss/teacher/mcq-create.png, id=504, 1370.11874pt x 639.38875pt>
File: ../assets/ss/teacher/mcq-create.png Graphic file (type png)
<use ../assets/ss/teacher/mcq-create.png>
Package pdftex.def Info: ../assets/ss/teacher/mcq-create.png  used on input line 332.
(pdftex.def)             Requested size: 397.485pt x 185.48627pt.
 [18pdfTeX warning (ext4): destination with the same identifier (name{figure.13}) has been already used, duplicate ignored

\AtBegShi@Output ...ipout \box \AtBeginShipoutBox 
                                                  \fi \fi 
l.336 
      pdfTeX warning (ext4): destination with the same identifier (name{figure.14}) has been already used, duplicate ignored

\AtBegShi@Output ...ipout \box \AtBeginShipoutBox 
                                                  \fi \fi 
l.336 
       <../assets/ss/teacher/exam-create.png> <../assets/ss/teacher/cq-create.png>]
<../assets/ss/teacher/set-exam.png, id=513, 1369.115pt x 633.36626pt>
File: ../assets/ss/teacher/set-exam.png Graphic file (type png)
<use ../assets/ss/teacher/set-exam.png>
Package pdftex.def Info: ../assets/ss/teacher/set-exam.png  used on input line 339.
(pdftex.def)             Requested size: 397.485pt x 183.87447pt.
<../assets/ss/teacher/all-exams.png, id=514, 1346.02875pt x 637.38126pt>
File: ../assets/ss/teacher/all-exams.png Graphic file (type png)
<use ../assets/ss/teacher/all-exams.png>
Package pdftex.def Info: ../assets/ss/teacher/all-exams.png  used on input line 349.
(pdftex.def)             Requested size: 397.485pt x 188.22035pt.
 [19pdfTeX warning (ext4): destination with the same identifier (name{figure.15}) has been already used, duplicate ignored

\AtBegShi@Output ...ipout \box \AtBeginShipoutBox 
                                                  \fi \fi 
l.353 
      pdfTeX warning (ext4): destination with the same identifier (name{figure.16}) has been already used, duplicate ignored

\AtBegShi@Output ...ipout \box \AtBeginShipoutBox 
                                                  \fi \fi 
l.353 
       <../assets/ss/teacher/mcq-create.png> <../assets/ss/teacher/set-exam.png>]
<../assets/ss/studnt/live-exam-mcq.png, id=524, 853.1875pt x 352.31625pt>
File: ../assets/ss/studnt/live-exam-mcq.png Graphic file (type png)
<use ../assets/ss/studnt/live-exam-mcq.png>
Package pdftex.def Info: ../assets/ss/studnt/live-exam-mcq.png  used on input line 369.
(pdftex.def)             Requested size: 397.485pt x 164.14253pt.
<../assets/ss/studnt/live-exam-cq.png, id=525, 875.27pt x 325.215pt>
File: ../assets/ss/studnt/live-exam-cq.png Graphic file (type png)
<use ../assets/ss/studnt/live-exam-cq.png>
Package pdftex.def Info: ../assets/ss/studnt/live-exam-cq.png  used on input line 376.
(pdftex.def)             Requested size: 397.485pt x 147.6902pt.
 [20pdfTeX warning (ext4): destination with the same identifier (name{figure.17}) has been already used, duplicate ignored

\AtBegShi@Output ...ipout \box \AtBeginShipoutBox 
                                                  \fi \fi 
l.380 
      pdfTeX warning (ext4): destination with the same identifier (name{figure.18}) has been already used, duplicate ignored

\AtBegShi@Output ...ipout \box \AtBeginShipoutBox 
                                                  \fi \fi 
l.380 
       <../assets/ss/teacher/all-exams.png> <../assets/ss/studnt/live-exam-mcq.png>]
<../assets/ss/teacher/examine-cq2.png, id=534, 1370.11874pt x 596.2275pt>
File: ../assets/ss/teacher/examine-cq2.png Graphic file (type png)
<use ../assets/ss/teacher/examine-cq2.png>
Package pdftex.def Info: ../assets/ss/teacher/examine-cq2.png  used on input line 389.
(pdftex.def)             Requested size: 397.485pt x 172.96523pt.
<../assets/ss/studnt/course-create-notification-realtime.png, id=535, 329.23pt x 54.2025pt>
File: ../assets/ss/studnt/course-create-notification-realtime.png Graphic file (type png)
<use ../assets/ss/studnt/course-create-notification-realtime.png>
Package pdftex.def Info: ../assets/ss/studnt/course-create-notification-realtime.png  used on input line 406.
(pdftex.def)             Requested size: 397.485pt x 65.4413pt.
 [21pdfTeX warning (ext4): destination with the same identifier (name{figure.19}) has been already used, duplicate ignored

\AtBegShi@Output ...ipout \box \AtBeginShipoutBox 
                                                  \fi \fi 
l.410 
      pdfTeX warning (ext4): destination with the same identifier (name{figure.20}) has been already used, duplicate ignored

\AtBegShi@Output ...ipout \box \AtBeginShipoutBox 
                                                  \fi \fi 
l.410 
       <../assets/ss/studnt/live-exam-cq.png> <../assets/ss/teacher/examine-cq2.png>]
<../assets/ss/studnt/notifications.png, id=544, 327.2225pt x 636.3775pt>
File: ../assets/ss/studnt/notifications.png Graphic file (type png)
<use ../assets/ss/studnt/notifications.png>
Package pdftex.def Info: ../assets/ss/studnt/notifications.png  used on input line 413.
(pdftex.def)             Requested size: 397.48827pt x 520.33754pt.
 [22pdfTeX warning (ext4): destination with the same identifier (name{figure.21}) has been already used, duplicate ignored

\AtBegShi@Output ...ipout \box \AtBeginShipoutBox 
                                                  \fi \fi 
l.417 
       <../assets/ss/studnt/course-create-notification-realtime.png>]
<../assets/ss/diagram/level1.png, id=551, 775.89874pt x 1065.9825pt>
File: ../assets/ss/diagram/level1.png Graphic file (type png)
<use ../assets/ss/diagram/level1.png>
Package pdftex.def Info: ../assets/ss/diagram/level1.png  used on input line 424.
(pdftex.def)             Requested size: 397.485pt x 546.09999pt.
 [23pdfTeX warning (ext4): destination with the same identifier (name{figure.22}) has been already used, duplicate ignored

\AtBegShi@Output ...ipout \box \AtBeginShipoutBox 
                                                  \fi \fi 
l.428 
       <../assets/ss/studnt/notifications.png>]
<../assets/ss/diagram/level0.png, id=558, 603.25375pt x 222.8325pt>
File: ../assets/ss/diagram/level0.png Graphic file (type png)
<use ../assets/ss/diagram/level0.png>
Package pdftex.def Info: ../assets/ss/diagram/level0.png  used on input line 432.
(pdftex.def)             Requested size: 397.485pt x 146.82509pt.
 [24pdfTeX warning (ext4): destination with the same identifier (name{figure.23}) has been already used, duplicate ignored

\AtBegShi@Output ...ipout \box \AtBeginShipoutBox 
                                                  \fi \fi 
l.436 
       <../assets/ss/diagram/level1.png>]
<../assets/ss/diagram/mvc.png, id=565, 405.76593pt x 221.32687pt>
File: ../assets/ss/diagram/mvc.png Graphic file (type png)
<use ../assets/ss/diagram/mvc.png>
Package pdftex.def Info: ../assets/ss/diagram/mvc.png  used on input line 452.
(pdftex.def)             Requested size: 397.485pt x 216.81778pt.
 [25pdfTeX warning (ext4): destination with the same identifier (name{figure.24}) has been already used, duplicate ignored

\AtBegShi@Output ...ipout \box \AtBeginShipoutBox 
                                                  \fi \fi 
l.456 
       <../assets/ss/diagram/level0.png>]
<../assets/ss/diagram/api.png, id=573, 2167.09625pt x 872.25874pt>
File: ../assets/ss/diagram/api.png Graphic file (type png)
<use ../assets/ss/diagram/api.png>
Package pdftex.def Info: ../assets/ss/diagram/api.png  used on input line 472.
(pdftex.def)             Requested size: 397.485pt x 159.98114pt.
 [26pdfTeX warning (ext4): destination with the same identifier (name{figure.25}) has been already used, duplicate ignored

\AtBegShi@Output ...ipout \box \AtBeginShipoutBox 
                                                  \fi \fi 
l.476 
       <../assets/ss/diagram/mvc.png>]
<../assets/ss/api-call.png, id=580, 693.59125pt x 262.9825pt>
File: ../assets/ss/api-call.png Graphic file (type png)
<use ../assets/ss/api-call.png>
Package pdftex.def Info: ../assets/ss/api-call.png  used on input line 484.
(pdftex.def)             Requested size: 397.485pt x 150.71617pt.
<../assets/ss/frontend-components.png, id=581, 210.7875pt x 539.01375pt>
File: ../assets/ss/frontend-components.png Graphic file (type png)
<use ../assets/ss/frontend-components.png>
Package pdftex.def Info: ../assets/ss/frontend-components.png  used on input line 497.
(pdftex.def)             Requested size: 198.7425pt x 508.21922pt.
 [27pdfTeX warning (ext4): destination with the same identifier (name{figure.26}) has been already used, duplicate ignored

\AtBegShi@Output ...ipout \box \AtBeginShipoutBox 
                                                  \fi \fi 
l.501 
      pdfTeX warning (ext4): destination with the same identifier (name{figure.27}) has been already used, duplicate ignored

\AtBegShi@Output ...ipout \box \AtBeginShipoutBox 
                                                  \fi \fi 
l.501 
       <../assets/ss/diagram/api.png> <../assets/ss/api-call.png>]
<../assets/ss/api-call2.png, id=590, 842.14626pt x 249.93375pt>
File: ../assets/ss/api-call2.png Graphic file (type png)
<use ../assets/ss/api-call2.png>
Package pdftex.def Info: ../assets/ss/api-call2.png  used on input line 506.
(pdftex.def)             Requested size: 397.485pt x 117.96846pt.
 [28pdfTeX warning (ext4): destination with the same identifier (name{figure.28}) has been already used, duplicate ignored

\AtBegShi@Output ...ipout \box \AtBeginShipoutBox 
                                                  \fi \fi 
l.510 
       <../assets/ss/frontend-components.png>]
<../assets/ss/backend.png, id=597, 201.75375pt x 277.035pt>
File: ../assets/ss/backend.png Graphic file (type png)
<use ../assets/ss/backend.png>
Package pdftex.def Info: ../assets/ss/backend.png  used on input line 517.
(pdftex.def)             Requested size: 198.7425pt x 272.90433pt.
<../assets/ss/model.png, id=598, 553.06625pt x 672.5125pt>
File: ../assets/ss/model.png Graphic file (type png)
<use ../assets/ss/model.png>
Package pdftex.def Info: ../assets/ss/model.png  used on input line 524.
(pdftex.def)             Requested size: 238.49342pt x 289.99567pt.
 [29pdfTeX warning (ext4): destination with the same identifier (name{figure.29}) has been already used, duplicate ignored

\AtBegShi@Output ...ipout \box \AtBeginShipoutBox 
                                                  \fi \fi 
l.528 
      pdfTeX warning (ext4): destination with the same identifier (name{figure.30}) has been already used, duplicate ignored

\AtBegShi@Output ...ipout \box \AtBeginShipoutBox 
                                                  \fi \fi 
l.528 
       <../assets/ss/api-call2.png> <../assets/ss/backend.png>]
<../assets/ss/routes.png, id=605, 639.38875pt x 640.3925pt>
File: ../assets/ss/routes.png Graphic file (type png)
<use ../assets/ss/routes.png>
Package pdftex.def Info: ../assets/ss/routes.png  used on input line 531.
(pdftex.def)             Requested size: 238.49342pt x 238.86652pt.
 [30pdfTeX warning (ext4): destination with the same identifier (name{figure.31}) has been already used, duplicate ignored

\AtBegShi@Output ...ipout \box \AtBeginShipoutBox 
                                                  \fi \fi 
l.540 
      pdfTeX warning (ext4): destination with the same identifier (name{figure.32}) has been already used, duplicate ignored

\AtBegShi@Output ...ipout \box \AtBeginShipoutBox 
                                                  \fi \fi 
l.540 
       <../assets/ss/model.png> <../assets/ss/routes.png>] [31] [32]
Package atveryend Info: Empty hook `BeforeClearDocument' on input line 622.
 [33]
Package atveryend Info: Empty hook `AfterLastShipout' on input line 622.
 (/home/jspw/Documents/Projects/Paper/Project Report/index.aux)
Package atveryend Info: Executing hook `AtVeryEndDocument' on input line 622.
Package atveryend Info: Executing hook `AtEndAfterFileList' on input line 622.
Package rerunfilecheck Info: File `index.out' has not changed.
(rerunfilecheck)             Checksum: D09DBD48F4B934F95D63AE7F8AC553E5;5094.


LaTeX Warning: There were multiply-defined labels.

Package atveryend Info: Empty hook `AtVeryVeryEnd' on input line 622.
 ) 
Here is how much of TeX's memory you used:
 8578 strings out of 481239
 129275 string characters out of 5920377
 382812 words of memory out of 5000000
 23483 multiletter control sequences out of 15000+600000
 561452 words of font info for 109 fonts, out of 8000000 for 9000
 1141 hyphenation exceptions out of 8191
 40i,7n,45p,520b,428s stack positions out of 5000i,500n,10000p,200000b,80000s
{/usr/share/texlive/texmf-dist/fonts/enc/dvips/base/8r.enc}</usr/share/texlive/texmf-dist/fonts/type1/public/pxfonts/rpcxr.pfb></usr/share/texlive/texmf-dist/fonts/type1/public/pxfonts/rpxb.pfb></usr/share/texlive/texmf-dist/fonts/type1/public/pxfonts/rpxr.pfb></usr/share/texlive/texmf-dist/fonts/type1/public/pxfonts/rpxsc.pfb></usr/share/texlive/texmf-dist/fonts/type1/urw/palatino/uplb8a.pfb></usr/share/texlive/texmf-dist/fonts/type1/urw/palatino/uplr8a.pfb></usr/share/texlive/texmf-dist/fonts/type1/urw/palatino/uplri8a.pfb>
Output written on "/home/jspw/Documents/Projects/Paper/Project Report/index.pdf" (33 pages, 1017521 bytes).
PDF statistics:
 685 PDF objects out of 1000 (max. 8388607)
 578 compressed objects within 6 object streams
 143 named destinations out of 1000 (max. 500000)
 769 words of extra memory for PDF output out of 10000 (max. 10000000)

